  Source.cpp
c:\users\duart\desktop\project2\project2\source.cpp(61): warning C4305: 'initializing': truncation from 'double' to 'float'
c:\users\duart\desktop\project2\project2\source.cpp(160): warning C4244: 'argument': conversion from 'int' to 'GLfloat', possible loss of data
c:\users\duart\desktop\project2\project2\source.cpp(161): warning C4244: 'argument': conversion from 'int' to 'GLfloat', possible loss of data
c:\users\duart\desktop\project2\project2\source.cpp(163): warning C4244: 'argument': conversion from 'int' to 'GLfloat', possible loss of data
c:\users\duart\desktop\project2\project2\source.cpp(164): warning C4244: 'argument': conversion from 'int' to 'GLfloat', possible loss of data
c:\users\duart\desktop\project2\project2\source.cpp(166): warning C4244: 'argument': conversion from 'int' to 'GLfloat', possible loss of data
c:\users\duart\desktop\project2\project2\source.cpp(167): warning C4244: 'argument': conversion from 'int' to 'GLfloat', possible loss of data
c:\users\duart\desktop\project2\project2\source.cpp(169): warning C4244: 'argument': conversion from 'int' to 'GLfloat', possible loss of data
c:\users\duart\desktop\project2\project2\source.cpp(170): warning C4244: 'argument': conversion from 'int' to 'GLfloat', possible loss of data
c:\users\duart\desktop\project2\project2\source.cpp(172): warning C4244: 'argument': conversion from 'int' to 'GLfloat', possible loss of data
c:\users\duart\desktop\project2\project2\source.cpp(173): warning C4244: 'argument': conversion from 'int' to 'GLfloat', possible loss of data
c:\users\duart\desktop\project2\project2\source.cpp(175): warning C4244: 'argument': conversion from 'int' to 'GLfloat', possible loss of data
c:\users\duart\desktop\project2\project2\source.cpp(176): warning C4244: 'argument': conversion from 'int' to 'GLfloat', possible loss of data
c:\users\duart\desktop\project2\project2\source.cpp(177): warning C4244: 'argument': conversion from 'int' to 'GLfloat', possible loss of data
c:\users\duart\desktop\project2\project2\source.cpp(178): warning C4244: 'argument': conversion from 'int' to 'GLfloat', possible loss of data
c:\users\duart\desktop\project2\project2\source.cpp(180): warning C4244: 'argument': conversion from 'int' to 'GLfloat', possible loss of data
c:\users\duart\desktop\project2\project2\source.cpp(181): warning C4244: 'argument': conversion from 'int' to 'GLfloat', possible loss of data
c:\users\duart\desktop\project2\project2\source.cpp(182): warning C4244: 'argument': conversion from 'int' to 'GLfloat', possible loss of data
c:\users\duart\desktop\project2\project2\source.cpp(183): warning C4244: 'argument': conversion from 'int' to 'GLfloat', possible loss of data
c:\users\duart\desktop\project2\project2\source.cpp(235): warning C4244: '=': conversion from 'double' to 'int', possible loss of data
c:\users\duart\desktop\project2\project2\source.cpp(637): warning C4244: 'initializing': conversion from 'double' to 'float', possible loss of data
c:\users\duart\desktop\project2\project2\source.cpp(638): warning C4305: 'initializing': truncation from 'double' to 'float'
c:\users\duart\desktop\project2\project2\source.cpp(660): warning C4244: 'argument': conversion from 'int' to 'GLfloat', possible loss of data
c:\users\duart\desktop\project2\project2\source.cpp(662): warning C4244: 'argument': conversion from 'int' to 'GLfloat', possible loss of data
c:\users\duart\desktop\project2\project2\source.cpp(725): warning C4244: 'argument': conversion from 'int' to 'GLfloat', possible loss of data
c:\users\duart\desktop\project2\project2\source.cpp(727): warning C4244: 'argument': conversion from 'int' to 'GLfloat', possible loss of data
c:\users\duart\desktop\project2\project2\source.cpp(783): warning C4244: 'argument': conversion from 'int' to 'GLfloat', possible loss of data
c:\users\duart\desktop\project2\project2\source.cpp(784): warning C4244: 'argument': conversion from 'int' to 'GLfloat', possible loss of data
c:\users\duart\desktop\project2\project2\source.cpp(874): warning C4244: 'initializing': conversion from 'double' to 'float', possible loss of data
c:\users\duart\desktop\project2\project2\source.cpp(875): warning C4244: 'initializing': conversion from 'double' to 'float', possible loss of data
c:\users\duart\desktop\project2\project2\source.cpp(905): warning C4244: '=': conversion from 'double' to 'float', possible loss of data
c:\users\duart\desktop\project2\project2\source.cpp(906): warning C4244: 'initializing': conversion from 'double' to 'float', possible loss of data
c:\users\duart\desktop\project2\project2\source.cpp(928): warning C4244: 'argument': conversion from 'int' to 'GLfloat', possible loss of data
c:\users\duart\desktop\project2\project2\source.cpp(930): warning C4244: 'argument': conversion from 'int' to 'GLfloat', possible loss of data
c:\users\duart\desktop\project2\project2\source.cpp(934): warning C4244: 'argument': conversion from 'int' to 'float', possible loss of data
c:\users\duart\desktop\project2\project2\source.cpp(937): warning C4244: 'argument': conversion from 'int' to 'float', possible loss of data
c:\users\duart\desktop\project2\project2\source.cpp(953): warning C4244: 'argument': conversion from 'double' to 'int', possible loss of data
c:\users\duart\desktop\project2\project2\source.cpp(962): warning C4244: 'argument': conversion from 'double' to 'int', possible loss of data
c:\users\duart\desktop\project2\project2\source.cpp(963): warning C4244: 'argument': conversion from 'double' to 'int', possible loss of data
c:\users\duart\desktop\project2\project2\source.cpp(964): warning C4244: 'argument': conversion from 'double' to 'int', possible loss of data
c:\users\duart\desktop\project2\project2\source.cpp(965): warning C4244: 'argument': conversion from 'double' to 'int', possible loss of data
c:\users\duart\desktop\project2\project2\source.cpp(967): warning C4244: 'argument': conversion from 'double' to 'int', possible loss of data
c:\users\duart\desktop\project2\project2\source.cpp(968): warning C4244: 'argument': conversion from 'double' to 'int', possible loss of data
c:\users\duart\desktop\project2\project2\source.cpp(970): warning C4244: 'argument': conversion from 'double' to 'int', possible loss of data
c:\users\duart\desktop\project2\project2\source.cpp(971): warning C4244: 'argument': conversion from 'double' to 'int', possible loss of data
c:\users\duart\desktop\project2\project2\source.cpp(973): warning C4244: 'argument': conversion from 'double' to 'int', possible loss of data
c:\users\duart\desktop\project2\project2\source.cpp(974): warning C4244: 'argument': conversion from 'double' to 'int', possible loss of data
c:\users\duart\desktop\project2\project2\source.cpp(976): warning C4244: 'argument': conversion from 'double' to 'int', possible loss of data
c:\users\duart\desktop\project2\project2\source.cpp(977): warning C4244: 'argument': conversion from 'double' to 'int', possible loss of data
c:\users\duart\desktop\project2\project2\source.cpp(995): warning C4305: 'argument': truncation from 'double' to 'GLfloat'
c:\users\duart\desktop\project2\project2\source.cpp(1016): warning C4244: 'argument': conversion from 'double' to 'int', possible loss of data
c:\users\duart\desktop\project2\project2\source.cpp(1017): warning C4244: 'argument': conversion from 'double' to 'int', possible loss of data
c:\users\duart\desktop\project2\project2\source.cpp(1019): warning C4244: 'argument': conversion from 'double' to 'int', possible loss of data
c:\users\duart\desktop\project2\project2\source.cpp(1020): warning C4244: 'argument': conversion from 'double' to 'int', possible loss of data
c:\users\duart\desktop\project2\project2\source.cpp(1050): warning C4244: 'argument': conversion from 'double' to 'int', possible loss of data
c:\users\duart\desktop\project2\project2\source.cpp(1061): warning C4244: 'argument': conversion from 'double' to 'int', possible loss of data
c:\users\duart\desktop\project2\project2\source.cpp(1062): warning C4244: 'argument': conversion from 'double' to 'int', possible loss of data
c:\users\duart\desktop\project2\project2\source.cpp(1067): warning C4244: 'argument': conversion from 'double' to 'int', possible loss of data
c:\users\duart\desktop\project2\project2\source.cpp(1068): warning C4244: 'argument': conversion from 'double' to 'int', possible loss of data
c:\users\duart\desktop\project2\project2\source.cpp(1070): warning C4244: 'argument': conversion from 'double' to 'int', possible loss of data
c:\users\duart\desktop\project2\project2\source.cpp(1071): warning C4244: 'argument': conversion from 'double' to 'int', possible loss of data
c:\users\duart\desktop\project2\project2\source.cpp(1077): warning C4244: 'argument': conversion from 'double' to 'int', possible loss of data
c:\users\duart\desktop\project2\project2\source.cpp(1093): warning C4244: 'argument': conversion from 'double' to 'int', possible loss of data
c:\users\duart\desktop\project2\project2\source.cpp(1108): warning C4244: 'argument': conversion from 'double' to 'int', possible loss of data
c:\users\duart\desktop\project2\project2\source.cpp(1119): warning C4244: 'argument': conversion from 'double' to 'int', possible loss of data
c:\users\duart\desktop\project2\project2\source.cpp(1150): warning C4244: 'argument': conversion from 'double' to 'int', possible loss of data
c:\users\duart\desktop\project2\project2\source.cpp(1154): warning C4244: 'argument': conversion from 'double' to 'int', possible loss of data
c:\users\duart\desktop\project2\project2\source.cpp(1159): warning C4244: 'argument': conversion from 'double' to 'int', possible loss of data
c:\users\duart\desktop\project2\project2\source.cpp(1169): warning C4244: 'argument': conversion from 'double' to 'int', possible loss of data
c:\users\duart\desktop\project2\project2\source.cpp(1174): warning C4244: 'argument': conversion from 'double' to 'int', possible loss of data
c:\users\duart\desktop\project2\project2\source.cpp(1192): warning C4244: 'initializing': conversion from 'double' to 'float', possible loss of data
c:\users\duart\desktop\project2\project2\source.cpp(1194): warning C4305: 'initializing': truncation from 'double' to 'float'
c:\users\duart\desktop\project2\project2\source.cpp(1205): warning C4305: '+=': truncation from 'double' to 'float'
c:\users\duart\desktop\project2\project2\source.cpp(1217): warning C4305: '-=': truncation from 'double' to 'float'
c:\users\duart\desktop\project2\project2\source.cpp(1268): warning C4244: 'initializing': conversion from 'double' to 'float', possible loss of data
c:\users\duart\desktop\project2\project2\source.cpp(1270): warning C4305: 'initializing': truncation from 'double' to 'float'
c:\users\duart\desktop\project2\project2\source.cpp(1297): warning C4305: '+=': truncation from 'double' to 'float'
c:\users\duart\desktop\project2\project2\source.cpp(1311): warning C4305: '-=': truncation from 'double' to 'float'
c:\users\duart\desktop\project2\project2\source.cpp(1338): warning C4305: '+=': truncation from 'double' to 'float'
c:\users\duart\desktop\project2\project2\source.cpp(1352): warning C4305: '-=': truncation from 'double' to 'float'
c:\users\duart\desktop\project2\project2\source.cpp(1379): warning C4305: '+=': truncation from 'double' to 'float'
c:\users\duart\desktop\project2\project2\source.cpp(1393): warning C4305: '-=': truncation from 'double' to 'float'
c:\users\duart\desktop\project2\project2\source.cpp(1420): warning C4305: '+=': truncation from 'double' to 'float'
c:\users\duart\desktop\project2\project2\source.cpp(1434): warning C4305: '-=': truncation from 'double' to 'float'
c:\users\duart\desktop\project2\project2\source.cpp(1461): warning C4305: '+=': truncation from 'double' to 'float'
c:\users\duart\desktop\project2\project2\source.cpp(1475): warning C4305: '-=': truncation from 'double' to 'float'
c:\users\duart\desktop\project2\project2\source.cpp(1502): warning C4305: '+=': truncation from 'double' to 'float'
c:\users\duart\desktop\project2\project2\source.cpp(1516): warning C4305: '-=': truncation from 'double' to 'float'
c:\users\duart\desktop\project2\project2\source.cpp(1543): warning C4305: '+=': truncation from 'double' to 'float'
c:\users\duart\desktop\project2\project2\source.cpp(1557): warning C4305: '-=': truncation from 'double' to 'float'
c:\users\duart\desktop\project2\project2\source.cpp(1584): warning C4305: '+=': truncation from 'double' to 'float'
c:\users\duart\desktop\project2\project2\source.cpp(1598): warning C4305: '-=': truncation from 'double' to 'float'
c:\users\duart\desktop\project2\project2\source.cpp(1625): warning C4305: '+=': truncation from 'double' to 'float'
c:\users\duart\desktop\project2\project2\source.cpp(1639): warning C4305: '-=': truncation from 'double' to 'float'
c:\users\duart\desktop\project2\project2\source.cpp(1666): warning C4305: '+=': truncation from 'double' to 'float'
c:\users\duart\desktop\project2\project2\source.cpp(1680): warning C4305: '-=': truncation from 'double' to 'float'
c:\users\duart\desktop\project2\project2\source.cpp(1703): warning C4305: '+=': truncation from 'double' to 'float'
c:\users\duart\desktop\project2\project2\source.cpp(1718): warning C4305: '+=': truncation from 'double' to 'float'
c:\users\duart\desktop\project2\project2\source.cpp(1741): warning C4244: 'initializing': conversion from 'double' to 'float', possible loss of data
c:\users\duart\desktop\project2\project2\source.cpp(1760): warning C4244: 'argument': conversion from 'int' to 'GLfloat', possible loss of data
c:\users\duart\desktop\project2\project2\source.cpp(1762): warning C4244: 'argument': conversion from 'int' to 'GLfloat', possible loss of data
c:\users\duart\desktop\project2\project2\source.cpp(1775): warning C4244: 'argument': conversion from 'int' to 'float', possible loss of data
c:\users\duart\desktop\project2\project2\source.cpp(1793): warning C4244: 'argument': conversion from 'double' to 'float', possible loss of data
c:\users\duart\desktop\project2\project2\source.cpp(1797): warning C4244: 'argument': conversion from 'double' to 'float', possible loss of data
c:\users\duart\desktop\project2\project2\source.cpp(1801): warning C4244: 'argument': conversion from 'double' to 'float', possible loss of data
c:\users\duart\desktop\project2\project2\source.cpp(1816): warning C4244: 'argument': conversion from 'int' to 'float', possible loss of data
c:\users\duart\desktop\project2\project2\source.cpp(1839): warning C4244: 'argument': conversion from 'double' to 'int', possible loss of data
c:\users\duart\desktop\project2\project2\source.cpp(1840): warning C4244: 'argument': conversion from 'double' to 'int', possible loss of data
c:\users\duart\desktop\project2\project2\source.cpp(1841): warning C4244: 'argument': conversion from 'double' to 'int', possible loss of data
c:\users\duart\desktop\project2\project2\source.cpp(1842): warning C4244: 'argument': conversion from 'double' to 'int', possible loss of data
c:\users\duart\desktop\project2\project2\source.cpp(1845): warning C4244: 'argument': conversion from 'double' to 'int', possible loss of data
c:\users\duart\desktop\project2\project2\source.cpp(1846): warning C4244: 'argument': conversion from 'double' to 'int', possible loss of data
c:\users\duart\desktop\project2\project2\source.cpp(1848): warning C4244: 'argument': conversion from 'double' to 'int', possible loss of data
c:\users\duart\desktop\project2\project2\source.cpp(1849): warning C4244: 'argument': conversion from 'double' to 'int', possible loss of data
c:\users\duart\desktop\project2\project2\source.cpp(1855): warning C4244: 'argument': conversion from 'int' to 'GLfloat', possible loss of data
c:\users\duart\desktop\project2\project2\source.cpp(1856): warning C4244: 'argument': conversion from 'double' to 'GLfloat', possible loss of data
c:\users\duart\desktop\project2\project2\source.cpp(1856): warning C4244: 'argument': conversion from 'int' to 'GLfloat', possible loss of data
c:\users\duart\desktop\project2\project2\source.cpp(1869): warning C4244: 'argument': conversion from 'double' to 'int', possible loss of data
c:\users\duart\desktop\project2\project2\source.cpp(1870): warning C4244: 'argument': conversion from 'double' to 'int', possible loss of data
c:\users\duart\desktop\project2\project2\source.cpp(1876): warning C4244: 'argument': conversion from 'double' to 'int', possible loss of data
c:\users\duart\desktop\project2\project2\source.cpp(1877): warning C4244: 'argument': conversion from 'double' to 'int', possible loss of data
c:\users\duart\desktop\project2\project2\source.cpp(1880): warning C4244: 'argument': conversion from 'double' to 'int', possible loss of data
c:\users\duart\desktop\project2\project2\source.cpp(1891): warning C4244: 'argument': conversion from 'int' to 'GLfloat', possible loss of data
c:\users\duart\desktop\project2\project2\source.cpp(1898): warning C4244: 'argument': conversion from 'int' to 'GLfloat', possible loss of data
c:\users\duart\desktop\project2\project2\source.cpp(1900): warning C4305: 'argument': truncation from 'double' to 'float'
c:\users\duart\desktop\project2\project2\source.cpp(1901): warning C4305: 'argument': truncation from 'double' to 'float'
c:\users\duart\desktop\project2\project2\source.cpp(1923): warning C4244: 'argument': conversion from 'int' to 'GLfloat', possible loss of data
c:\users\duart\desktop\project2\project2\source.cpp(1925): warning C4244: 'argument': conversion from 'int' to 'GLfloat', possible loss of data
c:\users\duart\desktop\project2\project2\source.cpp(1976): warning C4244: 'argument': conversion from 'double' to 'GLfloat', possible loss of data
c:\users\duart\desktop\project2\project2\source.cpp(1984): warning C4244: 'argument': conversion from 'int' to 'GLfloat', possible loss of data
c:\users\duart\desktop\project2\project2\source.cpp(2044): warning C4244: 'argument': conversion from 'int' to 'GLfloat', possible loss of data
c:\users\duart\desktop\project2\project2\source.cpp(2045): warning C4305: 'argument': truncation from 'double' to 'float'
c:\users\duart\desktop\project2\project2\source.cpp(2082): warning C4244: 'argument': conversion from 'double' to 'int', possible loss of data
c:\users\duart\desktop\project2\project2\source.cpp(2083): warning C4244: 'argument': conversion from 'double' to 'int', possible loss of data
c:\users\duart\desktop\project2\project2\source.cpp(2084): warning C4244: 'argument': conversion from 'double' to 'int', possible loss of data
c:\users\duart\desktop\project2\project2\source.cpp(2085): warning C4244: 'argument': conversion from 'double' to 'int', possible loss of data
c:\users\duart\desktop\project2\project2\source.cpp(2100): warning C4244: 'argument': conversion from 'double' to 'int', possible loss of data
c:\users\duart\desktop\project2\project2\source.cpp(2101): warning C4244: 'argument': conversion from 'double' to 'int', possible loss of data
c:\users\duart\desktop\project2\project2\source.cpp(2103): warning C4244: 'argument': conversion from 'double' to 'int', possible loss of data
c:\users\duart\desktop\project2\project2\source.cpp(2115): warning C4244: 'argument': conversion from 'double' to 'int', possible loss of data
c:\users\duart\desktop\project2\project2\source.cpp(2128): warning C4244: 'argument': conversion from 'double' to 'int', possible loss of data
c:\users\duart\desktop\project2\project2\source.cpp(2160): warning C4244: 'argument': conversion from 'double' to 'int', possible loss of data
c:\users\duart\desktop\project2\project2\source.cpp(2188): warning C4838: conversion from 'double' to 'float' requires a narrowing conversion
c:\users\duart\desktop\project2\project2\source.cpp(2188): warning C4244: 'initializing': conversion from 'double' to 'float', possible loss of data
c:\users\duart\desktop\project2\project2\source.cpp(2230): warning C4305: 'argument': truncation from 'double' to 'GLfloat'
c:\users\duart\desktop\project2\project2\source.cpp(2240): warning C4305: 'argument': truncation from 'double' to 'float'
c:\users\duart\desktop\project2\project2\source.cpp(2261): warning C4244: 'argument': conversion from 'double' to 'int', possible loss of data
c:\users\duart\desktop\project2\project2\source.cpp(2262): warning C4244: 'argument': conversion from 'double' to 'int', possible loss of data
c:\users\duart\desktop\project2\project2\source.cpp(2279): warning C4244: 'argument': conversion from 'double' to 'GLfloat', possible loss of data
c:\users\duart\desktop\project2\project2\source.cpp(2303): warning C4305: 'initializing': truncation from 'double' to 'float'
c:\users\duart\desktop\project2\project2\source.cpp(2481): warning C4305: '-=': truncation from 'double' to 'float'
c:\users\duart\desktop\project2\project2\source.cpp(2485): warning C4305: '+=': truncation from 'double' to 'float'
c:\users\duart\desktop\project2\project2\source.cpp(2529): warning C4305: '-=': truncation from 'double' to 'float'
c:\users\duart\desktop\project2\project2\source.cpp(2534): warning C4305: '+=': truncation from 'double' to 'float'
  Project2.vcxproj -> C:\Users\duart\Desktop\Project2\Debug\Project2.exe
